<?xml version="1.0" encoding="UTF-8"?>
<!-- Generated by org.testng.reporters.JUnitReportReporter -->
<testsuite hostname="DESKTOP-4AJDMDK" failures="0" tests="6" name="dummy.Test_dummy" time="3.844" errors="0" timestamp="2021-05-08T00:33:25 IST" skipped="0">
  <testcase classname="dummy.Test_dummy" name="method_1_goToApp" time="0.522"/>
  <system-out/>
  <testcase classname="dummy.Test_dummy" name="method_5_TakeElementScreenshot" time="0.285"/>
  <system-out/>
  <testcase classname="dummy.Test_dummy" name="method_3_swith" time="1.465"/>
  <system-out/>
  <testcase classname="dummy.Test_dummy" name="method_2_swith" time="0.928"/>
  <system-out/>
  <testcase classname="dummy.Test_dummy" name="method_6_getRectattributes" time="0.066"/>
  <system-out/>
  <testcase classname="dummy.Test_dummy" name="method_4_TakeScreenshot" time="0.578"/>
  <system-out/>
</testsuite> <!-- dummy.Test_dummy -->
