<?xml version="1.0" encoding="UTF-8"?>
<!-- Generated by org.testng.reporters.JUnitReportReporter -->
<testsuite hostname="DESKTOP-4AJDMDK" failures="0" tests="1" name="dummy.Test_RemoteExecution" time="2.566" errors="0" timestamp="2021-05-08T15:33:02 IST" skipped="0">
  <testcase classname="dummy.Test_RemoteExecution" name="testremote" time="2.566"/>
  <system-out/>
</testsuite> <!-- dummy.Test_RemoteExecution -->
