<?xml version="1.0" encoding="UTF-8"?>
<!-- Generated by org.testng.reporters.JUnitReportReporter -->
<testsuite hostname="DESKTOP-4AJDMDK" failures="0" tests="1" name="dummy.Test_Dummy2" time="10.403" errors="0" timestamp="2021-04-26T22:42:13 IST" skipped="0">
  <testcase classname="dummy.Test_Dummy2" name="testremote" time="10.403"/>
  <system-out/>
</testsuite> <!-- dummy.Test_Dummy2 -->
